<?xml version="1.0" encoding="UTF-8"?>
<testng-results ignored="0" total="1" passed="1" failed="0" skipped="0">
  <reporter-output>
    <line>
      <![CDATA[Features  featurespage is displaying]]>
    </line>
    <line>
      <![CDATA[initalstocks=26]]>
    </line>
    <line>
      <![CDATA[Stock IN  Stockinpage is displaying]]>
    </line>
    <line>
      <![CDATA[icreasedstocks= 29]]>
    </line>
    <line>
      <![CDATA[no of stocks is increased]]>
    </line>
  </reporter-output>
  <suite started-at="2024-07-17T07:11:16Z" name="Default suite" finished-at="2024-07-17T07:11:31Z" duration-ms="15234">
    <groups>
    </groups>
    <test started-at="2024-07-17T07:11:16Z" name="Default test" finished-at="2024-07-17T07:11:31Z" duration-ms="15234">
      <class name="alphaware.ecommerce.admin.Login.StockINProductINFeatureTest">
        <test-method is-config="true" signature="configBS()[pri:0, instance:alphaware.ecommerce.admin.Login.StockINProductINFeatureTest@5a5a729f]" started-at="2024-07-17T07:11:16Z" name="configBS" finished-at="2024-07-17T07:11:16Z" duration-ms="146" status="PASS">
          <reporter-output>
          </reporter-output>
        </test-method> <!-- configBS -->
        <test-method is-config="true" signature="configBC()[pri:0, instance:alphaware.ecommerce.admin.Login.StockINProductINFeatureTest@5a5a729f]" started-at="2024-07-17T07:11:16Z" name="configBC" finished-at="2024-07-17T07:11:23Z" duration-ms="7435" status="PASS">
          <reporter-output>
          </reporter-output>
        </test-method> <!-- configBC -->
        <test-method is-config="true" signature="configBM()[pri:0, instance:alphaware.ecommerce.admin.Login.StockINProductINFeatureTest@5a5a729f]" started-at="2024-07-17T07:11:23Z" name="configBM" finished-at="2024-07-17T07:11:25Z" duration-ms="1675" status="PASS">
          <reporter-output>
          </reporter-output>
        </test-method> <!-- configBM -->
        <test-method signature="stockin()[pri:0, instance:alphaware.ecommerce.admin.Login.StockINProductINFeatureTest@5a5a729f]" started-at="2024-07-17T07:11:25Z" name="stockin" finished-at="2024-07-17T07:11:30Z" duration-ms="5066" status="PASS">
          <reporter-output>
            <line>
              <![CDATA[Features  featurespage is displaying]]>
            </line>
            <line>
              <![CDATA[initalstocks=26]]>
            </line>
            <line>
              <![CDATA[Stock IN  Stockinpage is displaying]]>
            </line>
            <line>
              <![CDATA[icreasedstocks= 29]]>
            </line>
            <line>
              <![CDATA[no of stocks is increased]]>
            </line>
          </reporter-output>
        </test-method> <!-- stockin -->
        <test-method is-config="true" signature="configAM()[pri:0, instance:alphaware.ecommerce.admin.Login.StockINProductINFeatureTest@5a5a729f]" started-at="2024-07-17T07:11:30Z" name="configAM" finished-at="2024-07-17T07:11:31Z" duration-ms="528" status="PASS">
          <reporter-output>
          </reporter-output>
        </test-method> <!-- configAM -->
        <test-method is-config="true" signature="configAC()[pri:0, instance:alphaware.ecommerce.admin.Login.StockINProductINFeatureTest@5a5a729f]" started-at="2024-07-17T07:11:31Z" name="configAC" finished-at="2024-07-17T07:11:31Z" duration-ms="486" status="PASS">
          <reporter-output>
          </reporter-output>
        </test-method> <!-- configAC -->
        <test-method is-config="true" signature="configAS()[pri:0, instance:alphaware.ecommerce.admin.Login.StockINProductINFeatureTest@5a5a729f]" started-at="2024-07-17T07:11:31Z" name="configAS" finished-at="2024-07-17T07:11:31Z" duration-ms="0" status="PASS">
          <reporter-output>
          </reporter-output>
        </test-method> <!-- configAS -->
      </class> <!-- alphaware.ecommerce.admin.Login.StockINProductINFeatureTest -->
    </test> <!-- Default test -->
  </suite> <!-- Default suite -->
</testng-results>
